
> simple-web-encryption@1.2.46 build
> node build.cjs

ðŸ—‘ï¸ å·²åˆ é™¤æ–‡ä»¶: main.bundle.js
ðŸ—‘ï¸ å·²åˆ é™¤æ–‡ä»¶: main.bundle.js.map
ðŸ—‘ï¸ å·²åˆ é™¤æ–‡ä»¶: main.bundle.min.js
ðŸ—‘ï¸ å·²åˆ é™¤æ–‡ä»¶: main.bundle.min.js.map
ðŸ—‘ï¸ å·²åˆ é™¤æ–‡ä»¶: main.bundle.d.ts
ðŸ—‘ï¸ å·²åˆ é™¤æ–‡ä»¶: main.bundle.min.d.ts

ðŸ”„ æ‰“åŒ…ä¸­...
âœ… æ‰“åŒ…å®Œæˆï¼Œæ‰€æœ‰ESMç‰¹æ€§ä¿ç•™ï¼

ðŸ”„ ç¼–è¯‘ä¸­...
âœ… ç¼–è¯‘å®Œæˆï¼Œæ‰€æœ‰ESMç‰¹æ€§ä¿ç•™ï¼

ðŸ”„ å¤åˆ¶ç±»åž‹å®šä¹‰æ–‡ä»¶...
âœ… ç±»åž‹å®šä¹‰æ–‡ä»¶å·²å¤åˆ¶ï¼

ç¼–è¯‘ç”¨æ—¶: 760.356ms
âœ…âœ… ðŸbuildðŸ: æˆåŠŸ! âœ…âœ…

D:\software\Program\source\git\github.com\shc0743\myencryption\impl\JavaScript\lib>npm run test

> simple-web-encryption@1.2.46 test
> node test.js

Test is running in your browser now. URL: http://127.0.0.1:36429/test/test-app.html
Test completed.

D:\software\Program\source\git\github.com\shc0743\myencryption\impl\JavaScript\lib>npm pack --dry-run
npm notice
npm notice package: simple-web-encryption@1.2.46
npm notice Tarball Contents
npm notice 2.2kB build.cjs
npm notice 7.7kB dist/main.bundle.d.ts
npm notice 40.3kB dist/main.bundle.js
npm notice 87.5kB dist/main.bundle.js.map
npm notice 7.7kB dist/main.bundle.min.d.ts
npm notice 19.9kB dist/main.bundle.min.js
npm notice 91.7kB dist/main.bundle.min.js.map
npm notice 21.7kB dist/WebScrypt/asset/asmjs.js
npm notice 1.1kB dist/WebScrypt/LICENSE.txt
npm notice 154B dist/WebScrypt/README.md
npm notice 5.4kB dist/WebScrypt/scrypt.js
npm notice 102.3kB dist/WebScrypt/sourcemap/asmjs.js.map
npm notice 24.6kB dist/WebScrypt/sourcemap/scrypt.js.map
npm notice 1.0kB package.json
npm notice 1.6kB src/binascii.js
npm notice 1.4kB src/context.js
npm notice 3.4kB src/derive_key.js
npm notice 3.7kB src/encrypt_data.js
npm notice 17.9kB src/encrypt_file.js
npm notice 4.2kB src/exceptions.js
npm notice 7.3kB src/key_management.js
npm notice 663B src/loader.js
npm notice 1.4kB src/main.js
npm notice 469B src/random.js
npm notice 723B src/str.js
npm notice 12.5kB src/stream.js
npm notice 71B src/version.js
npm notice 21.7kB src/WebScrypt/asset/asmjs.js
npm notice 1.1kB src/WebScrypt/LICENSE.txt
npm notice 154B src/WebScrypt/README.md
npm notice 5.4kB src/WebScrypt/scrypt.js
npm notice 102.3kB src/WebScrypt/sourcemap/asmjs.js.map
npm notice 24.6kB src/WebScrypt/sourcemap/scrypt.js.map
npm notice 2.7kB test.js
npm notice 697B test/test-app.html
npm notice 5.8kB test/test-app.js
npm notice 7.7kB types/main.bundle.d.ts
npm notice Tarball Details
npm notice name: simple-web-encryption
npm notice version: 1.2.46
npm notice filename: simple-web-encryption-1.2.46.tgz
npm notice package size: 139.9 kB
npm notice unpacked size: 640.7 kB
npm notice shasum: 16477abaa4aa02c826f1bb4c337704ca1f771116
npm notice integrity: sha512-vLff3XmZ8m0rO[...]tEUR7BuWyqfSQ==
npm notice total files: 37
npm notice
simple-web-encryption-1.2.46.tgz

D:\software\Program\source\git\github.com\shc0743\myencryption\impl\JavaScript\lib>npm publish
npm notice
npm notice package: simple-web-encryption@1.2.46
npm notice Tarball Contents
npm notice 2.2kB build.cjs
npm notice 7.7kB dist/main.bundle.d.ts
npm notice 40.3kB dist/main.bundle.js
npm notice 87.5kB dist/main.bundle.js.map
npm notice 7.7kB dist/main.bundle.min.d.ts
npm notice 19.9kB dist/main.bundle.min.js
npm notice 91.7kB dist/main.bundle.min.js.map
npm notice 21.7kB dist/WebScrypt/asset/asmjs.js
npm notice 1.1kB dist/WebScrypt/LICENSE.txt
npm notice 154B dist/WebScrypt/README.md
npm notice 5.4kB dist/WebScrypt/scrypt.js
npm notice 102.3kB dist/WebScrypt/sourcemap/asmjs.js.map
npm notice 24.6kB dist/WebScrypt/sourcemap/scrypt.js.map
npm notice 1.0kB package.json
npm notice 1.6kB src/binascii.js
npm notice 1.4kB src/context.js
npm notice 3.4kB src/derive_key.js
npm notice 3.7kB src/encrypt_data.js
npm notice 17.9kB src/encrypt_file.js
npm notice 4.2kB src/exceptions.js
npm notice 7.3kB src/key_management.js
npm notice 663B src/loader.js
npm notice 1.4kB src/main.js
npm notice 469B src/random.js
npm notice 723B src/str.js
npm notice 12.5kB src/stream.js
npm notice 71B src/version.js
npm notice 21.7kB src/WebScrypt/asset/asmjs.js
npm notice 1.1kB src/WebScrypt/LICENSE.txt
npm notice 154B src/WebScrypt/README.md
npm notice 5.4kB src/WebScrypt/scrypt.js
npm notice 102.3kB src/WebScrypt/sourcemap/asmjs.js.map
npm notice 24.6kB src/WebScrypt/sourcemap/scrypt.js.map
npm notice 2.7kB test.js
npm notice 697B test/test-app.html
npm notice 5.8kB test/test-app.js
npm notice 7.7kB types/main.bundle.d.ts
npm notice Tarball Details
npm notice name: simple-web-encryption
npm notice version: 1.2.46
npm notice filename: simple-web-encryption-1.2.46.tgz
npm notice package size: 139.9 kB
npm notice unpacked size: 640.7 kB
npm notice shasum: 16477abaa4aa02c826f1bb4c337704ca1f771116
npm notice integrity: sha512-vLff3XmZ8m0rO[...]tEUR7BuWyqfSQ==
npm notice total files: 37
npm notice
npm notice Publishing to https://registry.npmjs.org/ with tag latest and default access
Authenticate your account at:
https://www.npmjs.com/auth/cli/6ac4d7f1-0b59-4a58-b62e-5e23e514d9cd
Press ENTER to open in the browser...

+ simple-web-encryption@1.2.46
